<?xml version="1.0" encoding="UTF-8"?>
<testng-results ignored="0" total="2" passed="2" failed="0" skipped="0">
  <reporter-output>
  </reporter-output>
  <suite started-at="2024-01-13T13:03:45 EST" name="Default suite" finished-at="2024-01-13T13:03:45 EST" duration-ms="101">
    <groups>
    </groups>
    <test started-at="2024-01-13T13:03:45 EST" name="Default test" finished-at="2024-01-13T13:03:45 EST" duration-ms="101">
      <class name="TestRunner.LoginFunc">
        <test-method signature="successfulLogin(java.lang.String,java.lang.String)[pri:0, instance:TestRunner.LoginFunc@3911c2a7]" started-at="2024-01-13T13:03:45 EST" name="successfulLogin" data-provider="credentials" finished-at="2024-01-13T13:03:45 EST" duration-ms="11" status="PASS">
          <params>
            <param index="0">
              <value>
                <![CDATA[usernameone]]>
              </value>
            </param>
            <param index="1">
              <value>
                <![CDATA[passwordone]]>
              </value>
            </param>
          </params>
          <reporter-output>
          </reporter-output>
        </test-method> <!-- successfulLogin -->
        <test-method signature="successfulLogin(java.lang.String,java.lang.String)[pri:0, instance:TestRunner.LoginFunc@3911c2a7]" started-at="2024-01-13T13:03:45 EST" name="successfulLogin" data-provider="credentials" finished-at="2024-01-13T13:03:45 EST" duration-ms="3" status="PASS">
          <params>
            <param index="0">
              <value>
                <![CDATA[usernametwo]]>
              </value>
            </param>
            <param index="1">
              <value>
                <![CDATA[passwordtwo]]>
              </value>
            </param>
          </params>
          <reporter-output>
          </reporter-output>
        </test-method> <!-- successfulLogin -->
      </class> <!-- TestRunner.LoginFunc -->
    </test> <!-- Default test -->
  </suite> <!-- Default suite -->
</testng-results>
